2025-08-06T22:29:54.883Z 	 info: Azurite Blob service is starting on 127.0.0.1:10000
2025-08-06T22:29:54.885Z 	 info: AccountDataStore:init() Refresh accounts from environment variable AZURITE_ACCOUNTS with value undefined
2025-08-06T22:29:54.885Z 	 info: AccountDataStore:init() Fallback to default emulator account devstoreaccount1.
2025-08-06T22:29:54.920Z 	 info: BlobGCManager:start() Starting BlobGCManager. Set status to Initializing.
2025-08-06T22:29:54.920Z 	 info: BlobGCManager:start() Trigger mark and sweep loop. Set status to Running.
2025-08-06T22:29:54.920Z 	 info: BlobGCManager:markSweepLoop() Start next mark and sweep.
2025-08-06T22:29:54.921Z 	 info: BlobGCManager:markSweep() Get all extents.
2025-08-06T22:29:54.921Z 	 info: BlobGCManager:start() BlobGCManager successfully started.
2025-08-06T22:29:54.930Z 	 info: BlobGCManager:markSweep() Got 0 extents.
2025-08-06T22:29:54.930Z 	 info: BlobGCManager:markSweep() Get referred extents.
2025-08-06T22:29:54.931Z 	 info: BlobGCManager:markSweep() Got referred extents, unreferenced extents count is 0.
2025-08-06T22:29:54.931Z 	 info: BlobGCManager:markSweepLoop() Mark and sweep finished, taken 11ms.
2025-08-06T22:29:54.931Z 	 info: BlobGCManager:markSweepLoop() Sleep for 600000ms.
2025-08-06T22:29:54.932Z 	 info: Azurite Blob service successfully listens on http://127.0.0.1:10000
2025-08-06T22:29:54.933Z 	 info: Azurite Queue service is starting on 127.0.0.1:10001
2025-08-06T22:29:54.933Z 	 info: AccountDataStore:init() Refresh accounts from environment variable AZURITE_ACCOUNTS with value undefined
2025-08-06T22:29:54.933Z 	 info: AccountDataStore:init() Fallback to default emulator account devstoreaccount1.
2025-08-06T22:29:54.937Z 	 info: QueueGCManager:start() Starting QueueGCManager, set status to Initializing
2025-08-06T22:29:54.937Z 	 info: QueueGCManager:start() Trigger mark and sweep loop, set status to Running.
2025-08-06T22:29:54.937Z 	 info: QueueGCManager:markSweepLoop() Start new mark and sweep.
2025-08-06T22:29:54.938Z 	 info: QueueGCManger:markSweep() Get all extents.
2025-08-06T22:29:54.938Z 	 info: QueueGCManager:start() QueueGCManager successfully started.
2025-08-06T22:29:54.938Z 	 info: QueueGCManager:marksweep() Get 0 extents.
2025-08-06T22:29:54.938Z 	 info: QueueGCManager:markSweep() Get referred extents, then remove from allExtents.
2025-08-06T22:29:54.938Z 	 info: QueueGCManager:markSweep() Got referred extents, unreferenced extents count is 0.
2025-08-06T22:29:54.938Z 	 info: QueueGCManager:markSweepLoop() Mark and sweep finished, take 0ms.
2025-08-06T22:29:54.938Z 	 info: QueueGCManager:markSweepLoop() Sleep for 60000
2025-08-06T22:29:54.939Z 	 info: Azurite Queue service successfully listens on http://127.0.0.1:10001
2025-08-06T22:29:54.939Z 	 info: Azurite Table service is starting on 127.0.0.1:10002
2025-08-06T22:29:54.939Z 	 info: AccountDataStore:init() Refresh accounts from environment variable AZURITE_ACCOUNTS with value undefined
2025-08-06T22:29:54.939Z 	 info: AccountDataStore:init() Fallback to default emulator account devstoreaccount1.
2025-08-06T22:29:54.942Z 	 info: Azurite Table service successfully listens on http://127.0.0.1:10002
2025-08-06T22:29:54.943Z 	 info: InstaceID 2ee48e5f-7cd9-40d9-91ea-b1c9fad9030c, SessionID a2bfa291-6af5-480e-aec4-c663be744437.
2025-08-06T22:29:55.207Z 	 info: Telemetry initialize successfully.
2025-08-06T22:29:55.210Z 	 verbose: Send start telemetry
2025-08-06T22:29:55.611Z ce9d4546-cc24-4b27-86f3-709a312b820c info: BlobStorageContextMiddleware: RequestMethod=HEAD RequestURL=http://127.0.0.1/devstoreaccount1/azure-webjobs-hosts/locks/lukepc-1879092115/host RequestHeaders:{"host":"127.0.0.1:10000","x-ms-version":"2024-08-04","accept":"application/xml","x-ms-client-request-id":"5ee2b0bf-37c9-4d0a-b0eb-2d68e2b24a7b","x-ms-return-client-request-id":"true","user-agent":"azsdk-net-Storage.Blobs/12.21.2 (.NET 8.0.16; Microsoft Windows 10.0.26100)","x-ms-date":"Wed, 06 Aug 2025 22:29:55 GMT","authorization":"SharedKey devstoreaccount1:GTdHSC4tyOtOEvcmuuyF4pEc3xLxWRP9ro/ZWG3xzNw="} ClientIP=127.0.0.1 Protocol=http HTTPVersion=1.1
2025-08-06T22:29:55.611Z ce9d4546-cc24-4b27-86f3-709a312b820c info: BlobStorageContextMiddleware: Account=devstoreaccount1 Container=azure-webjobs-hosts Blob=locks/lukepc-1879092115/host
2025-08-06T22:29:55.611Z ce9d4546-cc24-4b27-86f3-709a312b820c verbose: DispatchMiddleware: Dispatching request...
2025-08-06T22:29:55.612Z ce9d4546-cc24-4b27-86f3-709a312b820c info: DispatchMiddleware: Operation=Blob_GetProperties
2025-08-06T22:29:55.613Z ce9d4546-cc24-4b27-86f3-709a312b820c verbose: AuthenticationMiddlewareFactory:createAuthenticationMiddleware() Validating authentications.
2025-08-06T22:29:55.613Z ce9d4546-cc24-4b27-86f3-709a312b820c info: PublicAccessAuthenticator:validate() Start validation against public access.
2025-08-06T22:29:55.613Z ce9d4546-cc24-4b27-86f3-709a312b820c debug: PublicAccessAuthenticator:validate() Getting account properties...
2025-08-06T22:29:55.613Z ce9d4546-cc24-4b27-86f3-709a312b820c debug: PublicAccessAuthenticator:validate() Retrieved account name from context: devstoreaccount1, container: azure-webjobs-hosts, blob: locks/lukepc-1879092115/host
2025-08-06T22:29:55.641Z ce9d4546-cc24-4b27-86f3-709a312b820c debug: PublicAccessAuthenticator:validate() Skip public access authentication. Cannot get public access type for container azure-webjobs-hosts
2025-08-06T22:29:55.641Z ce9d4546-cc24-4b27-86f3-709a312b820c info: BlobSharedKeyAuthenticator:validate() Start validation against account shared key authentication.
2025-08-06T22:29:55.651Z ce9d4546-cc24-4b27-86f3-709a312b820c info: BlobSharedKeyAuthenticator:validate() [STRING TO SIGN]:"HEAD\n\n\n\n\n\n\n\n\n\n\n\nx-ms-client-request-id:5ee2b0bf-37c9-4d0a-b0eb-2d68e2b24a7b\nx-ms-date:Wed, 06 Aug 2025 22:29:55 GMT\nx-ms-return-client-request-id:true\nx-ms-version:2024-08-04\n/devstoreaccount1/devstoreaccount1/azure-webjobs-hosts/locks/lukepc-1879092115/host"
2025-08-06T22:29:55.652Z ce9d4546-cc24-4b27-86f3-709a312b820c info: BlobSharedKeyAuthenticator:validate() Calculated authentication header based on key1: SharedKey devstoreaccount1:GTdHSC4tyOtOEvcmuuyF4pEc3xLxWRP9ro/ZWG3xzNw=
2025-08-06T22:29:55.653Z ce9d4546-cc24-4b27-86f3-709a312b820c info: BlobSharedKeyAuthenticator:validate() Signature 1 matched.
2025-08-06T22:29:55.653Z ce9d4546-cc24-4b27-86f3-709a312b820c verbose: DeserializerMiddleware: Start deserializing...
2025-08-06T22:29:55.654Z ce9d4546-cc24-4b27-86f3-709a312b820c info: HandlerMiddleware: DeserializedParameters={"options":{"requestId":"5ee2b0bf-37c9-4d0a-b0eb-2d68e2b24a7b","leaseAccessConditions":{},"cpkInfo":{},"modifiedAccessConditions":{}},"version":"2024-08-04"}
2025-08-06T22:29:55.655Z ce9d4546-cc24-4b27-86f3-709a312b820c error: ErrorMiddleware: Received a MiddlewareError, fill error information to HTTP response
2025-08-06T22:29:55.655Z ce9d4546-cc24-4b27-86f3-709a312b820c error: ErrorMiddleware: ErrorName=StorageError ErrorMessage=The specified container does not exist.  ErrorHTTPStatusCode=404 ErrorHTTPStatusMessage=The specified container does not exist. ErrorHTTPHeaders={"x-ms-error-code":"ContainerNotFound","x-ms-request-id":"ce9d4546-cc24-4b27-86f3-709a312b820c"} ErrorHTTPBody="<?xml version=\"1.0\" encoding=\"UTF-8\" standalone=\"yes\"?>\n<Error>\n  <Code>ContainerNotFound</Code>\n  <Message>The specified container does not exist.\nRequestId:ce9d4546-cc24-4b27-86f3-709a312b820c\nTime:2025-08-06T22:29:55.654Z</Message>\n</Error>" ErrorStack="StorageError: The specified container does not exist.\n    at StorageErrorFactory.getContainerNotFound (C:\\Users\\lukew\\AppData\\Local\\nvm\\v20.15.1\\node_modules\\azurite\\dist\\src\\blob\\errors\\StorageErrorFactory.js:14:16)\n    at LokiBlobMetadataStore.checkContainerExist (C:\\Users\\lukew\\AppData\\Local\\nvm\\v20.15.1\\node_modules\\azurite\\dist\\src\\blob\\persistence\\LokiBlobMetadataStore.js:566:49)\n    at LokiBlobMetadataStore.getBlobWithLeaseUpdated (C:\\Users\\lukew\\AppData\\Local\\nvm\\v20.15.1\\node_modules\\azurite\\dist\\src\\blob\\persistence\\LokiBlobMetadataStore.js:2100:20)\n    at LokiBlobMetadataStore.getBlobProperties (C:\\Users\\lukew\\AppData\\Local\\nvm\\v20.15.1\\node_modules\\azurite\\dist\\src\\blob\\persistence\\LokiBlobMetadataStore.js:866:32)\n    at BlobHandler.getProperties (C:\\Users\\lukew\\AppData\\Local\\nvm\\v20.15.1\\node_modules\\azurite\\dist\\src\\blob\\handlers\\BlobHandler.js:73:46)\n    at C:\\Users\\lukew\\AppData\\Local\\nvm\\v20.15.1\\node_modules\\azurite\\dist\\src\\blob\\generated\\middleware\\HandlerMiddlewareFactory.js:58:18\n    at C:\\Users\\lukew\\AppData\\Local\\nvm\\v20.15.1\\node_modules\\azurite\\dist\\src\\blob\\generated\\ExpressMiddlewareFactory.js:78:63\n    at Layer.handle [as handle_request] (C:\\Users\\lukew\\AppData\\Local\\nvm\\v20.15.1\\node_modules\\azurite\\node_modules\\express\\lib\\router\\layer.js:95:5)\n    at trim_prefix (C:\\Users\\lukew\\AppData\\Local\\nvm\\v20.15.1\\node_modules\\azurite\\node_modules\\express\\lib\\router\\index.js:328:13)\n    at C:\\Users\\lukew\\AppData\\Local\\nvm\\v20.15.1\\node_modules\\azurite\\node_modules\\express\\lib\\router\\index.js:286:9"
2025-08-06T22:29:55.655Z ce9d4546-cc24-4b27-86f3-709a312b820c error: ErrorMiddleware: Set HTTP code: 404
2025-08-06T22:29:55.655Z ce9d4546-cc24-4b27-86f3-709a312b820c error: ErrorMiddleware: Set HTTP status message: The specified container does not exist.
2025-08-06T22:29:55.655Z ce9d4546-cc24-4b27-86f3-709a312b820c error: ErrorMiddleware: Set HTTP Header: x-ms-error-code=ContainerNotFound
2025-08-06T22:29:55.656Z ce9d4546-cc24-4b27-86f3-709a312b820c error: ErrorMiddleware: Set HTTP Header: x-ms-request-id=ce9d4546-cc24-4b27-86f3-709a312b820c
2025-08-06T22:29:55.656Z ce9d4546-cc24-4b27-86f3-709a312b820c error: ErrorMiddleware: Set HTTP body: "<?xml version=\"1.0\" encoding=\"UTF-8\" standalone=\"yes\"?>\n<Error>\n  <Code>ContainerNotFound</Code>\n  <Message>The specified container does not exist.\nRequestId:ce9d4546-cc24-4b27-86f3-709a312b820c\nTime:2025-08-06T22:29:55.654Z</Message>\n</Error>"
2025-08-06T22:29:55.657Z ce9d4546-cc24-4b27-86f3-709a312b820c verbose: Send Blob telemetry: B_Blob_GetProperties
2025-08-06T22:29:55.657Z ce9d4546-cc24-4b27-86f3-709a312b820c info: EndMiddleware: End response. TotalTimeInMS=47 StatusCode=404 StatusMessage=The specified container does not exist. Headers={"server":"Azurite-Blob/3.34.0","x-ms-error-code":"ContainerNotFound","x-ms-request-id":"ce9d4546-cc24-4b27-86f3-709a312b820c"}
2025-08-06T22:29:55.671Z 7445a89e-92fb-4029-aae8-9c50eec53c1d info: BlobStorageContextMiddleware: RequestMethod=PUT RequestURL=http://127.0.0.1/devstoreaccount1/azure-webjobs-hosts/locks/lukepc-1879092115/host?comp=lease RequestHeaders:{"host":"127.0.0.1:10000","x-ms-lease-action":"acquire","x-ms-version":"2024-08-04","accept":"application/xml","x-ms-lease-duration":"15","x-ms-proposed-lease-id":"000000000000000000000000473094AD","x-ms-client-request-id":"736430a9-63b1-4a59-bdc4-46e459f39c8d","x-ms-return-client-request-id":"true","user-agent":"azsdk-net-Storage.Blobs/12.21.2 (.NET 8.0.16; Microsoft Windows 10.0.26100)","x-ms-date":"Wed, 06 Aug 2025 22:29:55 GMT","authorization":"SharedKey devstoreaccount1:nuLoSiglOhmk5hwoQsxQJB25A/Z8Iq6RGh2mLgkXczI=","content-length":"0"} ClientIP=127.0.0.1 Protocol=http HTTPVersion=1.1
2025-08-06T22:29:55.671Z 7445a89e-92fb-4029-aae8-9c50eec53c1d info: BlobStorageContextMiddleware: Account=devstoreaccount1 Container=azure-webjobs-hosts Blob=locks/lukepc-1879092115/host
2025-08-06T22:29:55.671Z 7445a89e-92fb-4029-aae8-9c50eec53c1d verbose: DispatchMiddleware: Dispatching request...
2025-08-06T22:29:55.672Z 7445a89e-92fb-4029-aae8-9c50eec53c1d info: DispatchMiddleware: Operation=Blob_AcquireLease
2025-08-06T22:29:55.673Z 7445a89e-92fb-4029-aae8-9c50eec53c1d verbose: AuthenticationMiddlewareFactory:createAuthenticationMiddleware() Validating authentications.
2025-08-06T22:29:55.673Z 7445a89e-92fb-4029-aae8-9c50eec53c1d info: PublicAccessAuthenticator:validate() Start validation against public access.
2025-08-06T22:29:55.673Z 7445a89e-92fb-4029-aae8-9c50eec53c1d debug: PublicAccessAuthenticator:validate() Getting account properties...
2025-08-06T22:29:55.673Z 7445a89e-92fb-4029-aae8-9c50eec53c1d debug: PublicAccessAuthenticator:validate() Retrieved account name from context: devstoreaccount1, container: azure-webjobs-hosts, blob: locks/lukepc-1879092115/host
2025-08-06T22:29:55.673Z 7445a89e-92fb-4029-aae8-9c50eec53c1d debug: PublicAccessAuthenticator:validate() Skip public access authentication. Cannot get public access type for container azure-webjobs-hosts
2025-08-06T22:29:55.673Z 7445a89e-92fb-4029-aae8-9c50eec53c1d info: BlobSharedKeyAuthenticator:validate() Start validation against account shared key authentication.
2025-08-06T22:29:55.673Z 7445a89e-92fb-4029-aae8-9c50eec53c1d info: BlobSharedKeyAuthenticator:validate() [STRING TO SIGN]:"PUT\n\n\n\n\n\n\n\n\n\n\n\nx-ms-client-request-id:736430a9-63b1-4a59-bdc4-46e459f39c8d\nx-ms-date:Wed, 06 Aug 2025 22:29:55 GMT\nx-ms-lease-action:acquire\nx-ms-lease-duration:15\nx-ms-proposed-lease-id:000000000000000000000000473094AD\nx-ms-return-client-request-id:true\nx-ms-version:2024-08-04\n/devstoreaccount1/devstoreaccount1/azure-webjobs-hosts/locks/lukepc-1879092115/host\ncomp:lease"
2025-08-06T22:29:55.673Z 7445a89e-92fb-4029-aae8-9c50eec53c1d info: BlobSharedKeyAuthenticator:validate() Calculated authentication header based on key1: SharedKey devstoreaccount1:nuLoSiglOhmk5hwoQsxQJB25A/Z8Iq6RGh2mLgkXczI=
2025-08-06T22:29:55.673Z 7445a89e-92fb-4029-aae8-9c50eec53c1d info: BlobSharedKeyAuthenticator:validate() Signature 1 matched.
2025-08-06T22:29:55.673Z 7445a89e-92fb-4029-aae8-9c50eec53c1d verbose: DeserializerMiddleware: Start deserializing...
2025-08-06T22:29:55.673Z 7445a89e-92fb-4029-aae8-9c50eec53c1d info: HandlerMiddleware: DeserializedParameters={"options":{"duration":15,"proposedLeaseId":"000000000000000000000000473094AD","requestId":"736430a9-63b1-4a59-bdc4-46e459f39c8d","modifiedAccessConditions":{}},"comp":"lease","version":"2024-08-04","action":"acquire"}
2025-08-06T22:29:55.674Z 7445a89e-92fb-4029-aae8-9c50eec53c1d error: ErrorMiddleware: Received a MiddlewareError, fill error information to HTTP response
2025-08-06T22:29:55.674Z 7445a89e-92fb-4029-aae8-9c50eec53c1d error: ErrorMiddleware: ErrorName=StorageError ErrorMessage=The specified container does not exist.  ErrorHTTPStatusCode=404 ErrorHTTPStatusMessage=The specified container does not exist. ErrorHTTPHeaders={"x-ms-error-code":"ContainerNotFound","x-ms-request-id":"7445a89e-92fb-4029-aae8-9c50eec53c1d"} ErrorHTTPBody="<?xml version=\"1.0\" encoding=\"UTF-8\" standalone=\"yes\"?>\n<Error>\n  <Code>ContainerNotFound</Code>\n  <Message>The specified container does not exist.\nRequestId:7445a89e-92fb-4029-aae8-9c50eec53c1d\nTime:2025-08-06T22:29:55.674Z</Message>\n</Error>" ErrorStack="StorageError: The specified container does not exist.\n    at StorageErrorFactory.getContainerNotFound (C:\\Users\\lukew\\AppData\\Local\\nvm\\v20.15.1\\node_modules\\azurite\\dist\\src\\blob\\errors\\StorageErrorFactory.js:14:16)\n    at LokiBlobMetadataStore.checkContainerExist (C:\\Users\\lukew\\AppData\\Local\\nvm\\v20.15.1\\node_modules\\azurite\\dist\\src\\blob\\persistence\\LokiBlobMetadataStore.js:566:49)\n    at LokiBlobMetadataStore.getBlobWithLeaseUpdated (C:\\Users\\lukew\\AppData\\Local\\nvm\\v20.15.1\\node_modules\\azurite\\dist\\src\\blob\\persistence\\LokiBlobMetadataStore.js:2100:20)\n    at LokiBlobMetadataStore.acquireBlobLease (C:\\Users\\lukew\\AppData\\Local\\nvm\\v20.15.1\\node_modules\\azurite\\dist\\src\\blob\\persistence\\LokiBlobMetadataStore.js:1044:32)\n    at BlobHandler.acquireLease (C:\\Users\\lukew\\AppData\\Local\\nvm\\v20.15.1\\node_modules\\azurite\\dist\\src\\blob\\handlers\\BlobHandler.js:242:46)\n    at C:\\Users\\lukew\\AppData\\Local\\nvm\\v20.15.1\\node_modules\\azurite\\dist\\src\\blob\\generated\\middleware\\HandlerMiddlewareFactory.js:58:18\n    at C:\\Users\\lukew\\AppData\\Local\\nvm\\v20.15.1\\node_modules\\azurite\\dist\\src\\blob\\generated\\ExpressMiddlewareFactory.js:78:63\n    at Layer.handle [as handle_request] (C:\\Users\\lukew\\AppData\\Local\\nvm\\v20.15.1\\node_modules\\azurite\\node_modules\\express\\lib\\router\\layer.js:95:5)\n    at trim_prefix (C:\\Users\\lukew\\AppData\\Local\\nvm\\v20.15.1\\node_modules\\azurite\\node_modules\\express\\lib\\router\\index.js:328:13)\n    at C:\\Users\\lukew\\AppData\\Local\\nvm\\v20.15.1\\node_modules\\azurite\\node_modules\\express\\lib\\router\\index.js:286:9"
2025-08-06T22:29:55.674Z 7445a89e-92fb-4029-aae8-9c50eec53c1d error: ErrorMiddleware: Set HTTP code: 404
2025-08-06T22:29:55.674Z 7445a89e-92fb-4029-aae8-9c50eec53c1d error: ErrorMiddleware: Set HTTP status message: The specified container does not exist.
2025-08-06T22:29:55.674Z 7445a89e-92fb-4029-aae8-9c50eec53c1d error: ErrorMiddleware: Set HTTP Header: x-ms-error-code=ContainerNotFound
2025-08-06T22:29:55.674Z 7445a89e-92fb-4029-aae8-9c50eec53c1d error: ErrorMiddleware: Set HTTP Header: x-ms-request-id=7445a89e-92fb-4029-aae8-9c50eec53c1d
2025-08-06T22:29:55.674Z 7445a89e-92fb-4029-aae8-9c50eec53c1d error: ErrorMiddleware: Set content type: application/xml
2025-08-06T22:29:55.674Z 7445a89e-92fb-4029-aae8-9c50eec53c1d error: ErrorMiddleware: Set HTTP body: "<?xml version=\"1.0\" encoding=\"UTF-8\" standalone=\"yes\"?>\n<Error>\n  <Code>ContainerNotFound</Code>\n  <Message>The specified container does not exist.\nRequestId:7445a89e-92fb-4029-aae8-9c50eec53c1d\nTime:2025-08-06T22:29:55.674Z</Message>\n</Error>"
2025-08-06T22:29:55.675Z 7445a89e-92fb-4029-aae8-9c50eec53c1d verbose: Send Blob telemetry: B_Blob_AcquireLease
2025-08-06T22:29:55.675Z 7445a89e-92fb-4029-aae8-9c50eec53c1d info: EndMiddleware: End response. TotalTimeInMS=4 StatusCode=404 StatusMessage=The specified container does not exist. Headers={"server":"Azurite-Blob/3.34.0","x-ms-error-code":"ContainerNotFound","x-ms-request-id":"7445a89e-92fb-4029-aae8-9c50eec53c1d","content-type":"application/xml"}
2025-08-06T22:29:55.698Z 20b0eac1-c8fd-4894-bfaf-d96717eb843e info: BlobStorageContextMiddleware: RequestMethod=PUT RequestURL=http://127.0.0.1/devstoreaccount1/azure-webjobs-hosts/locks/lukepc-1879092115/host RequestHeaders:{"host":"127.0.0.1:10000","x-ms-blob-type":"BlockBlob","if-none-match":"*","x-ms-version":"2024-08-04","accept":"application/xml","x-ms-client-request-id":"ed33f1a9-9d97-4975-a814-92896211463f","x-ms-return-client-request-id":"true","user-agent":"azsdk-net-Storage.Blobs/12.21.2 (.NET 8.0.16; Microsoft Windows 10.0.26100)","x-ms-date":"Wed, 06 Aug 2025 22:29:55 GMT","authorization":"SharedKey devstoreaccount1:N7b377k8nArQlU90y7yNmCbRJojWGoF9nq1ZJH4iNoI=","content-length":"0","content-type":"application/octet-stream"} ClientIP=127.0.0.1 Protocol=http HTTPVersion=1.1
2025-08-06T22:29:55.699Z 20b0eac1-c8fd-4894-bfaf-d96717eb843e info: BlobStorageContextMiddleware: Account=devstoreaccount1 Container=azure-webjobs-hosts Blob=locks/lukepc-1879092115/host
2025-08-06T22:29:55.699Z 20b0eac1-c8fd-4894-bfaf-d96717eb843e verbose: DispatchMiddleware: Dispatching request...
2025-08-06T22:29:55.699Z 20b0eac1-c8fd-4894-bfaf-d96717eb843e info: DispatchMiddleware: Operation=BlockBlob_Upload
2025-08-06T22:29:55.699Z 20b0eac1-c8fd-4894-bfaf-d96717eb843e verbose: AuthenticationMiddlewareFactory:createAuthenticationMiddleware() Validating authentications.
2025-08-06T22:29:55.699Z 20b0eac1-c8fd-4894-bfaf-d96717eb843e info: PublicAccessAuthenticator:validate() Start validation against public access.
2025-08-06T22:29:55.699Z 20b0eac1-c8fd-4894-bfaf-d96717eb843e debug: PublicAccessAuthenticator:validate() Getting account properties...
2025-08-06T22:29:55.699Z 20b0eac1-c8fd-4894-bfaf-d96717eb843e debug: PublicAccessAuthenticator:validate() Retrieved account name from context: devstoreaccount1, container: azure-webjobs-hosts, blob: locks/lukepc-1879092115/host
2025-08-06T22:29:55.700Z 20b0eac1-c8fd-4894-bfaf-d96717eb843e debug: PublicAccessAuthenticator:validate() Skip public access authentication. Cannot get public access type for container azure-webjobs-hosts
2025-08-06T22:29:55.700Z 20b0eac1-c8fd-4894-bfaf-d96717eb843e info: BlobSharedKeyAuthenticator:validate() Start validation against account shared key authentication.
2025-08-06T22:29:55.700Z 20b0eac1-c8fd-4894-bfaf-d96717eb843e info: BlobSharedKeyAuthenticator:validate() [STRING TO SIGN]:"PUT\n\n\n\n\napplication/octet-stream\n\n\n\n*\n\n\nx-ms-blob-type:BlockBlob\nx-ms-client-request-id:ed33f1a9-9d97-4975-a814-92896211463f\nx-ms-date:Wed, 06 Aug 2025 22:29:55 GMT\nx-ms-return-client-request-id:true\nx-ms-version:2024-08-04\n/devstoreaccount1/devstoreaccount1/azure-webjobs-hosts/locks/lukepc-1879092115/host"
2025-08-06T22:29:55.700Z 20b0eac1-c8fd-4894-bfaf-d96717eb843e info: BlobSharedKeyAuthenticator:validate() Calculated authentication header based on key1: SharedKey devstoreaccount1:N7b377k8nArQlU90y7yNmCbRJojWGoF9nq1ZJH4iNoI=
2025-08-06T22:29:55.700Z 20b0eac1-c8fd-4894-bfaf-d96717eb843e info: BlobSharedKeyAuthenticator:validate() Signature 1 matched.
2025-08-06T22:29:55.700Z 20b0eac1-c8fd-4894-bfaf-d96717eb843e verbose: DeserializerMiddleware: Start deserializing...
2025-08-06T22:29:55.701Z 20b0eac1-c8fd-4894-bfaf-d96717eb843e info: HandlerMiddleware: DeserializedParameters={"options":{"metadata":{},"requestId":"ed33f1a9-9d97-4975-a814-92896211463f","blobHTTPHeaders":{},"leaseAccessConditions":{},"cpkInfo":{},"cpkScopeInfo":{},"modifiedAccessConditions":{"ifNoneMatch":"*"}},"contentLength":0,"version":"2024-08-04","blobType":"BlockBlob","body":"ReadableStream"}
2025-08-06T22:29:55.701Z 20b0eac1-c8fd-4894-bfaf-d96717eb843e error: ErrorMiddleware: Received a MiddlewareError, fill error information to HTTP response
2025-08-06T22:29:55.702Z 20b0eac1-c8fd-4894-bfaf-d96717eb843e error: ErrorMiddleware: ErrorName=StorageError ErrorMessage=The specified container does not exist.  ErrorHTTPStatusCode=404 ErrorHTTPStatusMessage=The specified container does not exist. ErrorHTTPHeaders={"x-ms-error-code":"ContainerNotFound","x-ms-request-id":"20b0eac1-c8fd-4894-bfaf-d96717eb843e"} ErrorHTTPBody="<?xml version=\"1.0\" encoding=\"UTF-8\" standalone=\"yes\"?>\n<Error>\n  <Code>ContainerNotFound</Code>\n  <Message>The specified container does not exist.\nRequestId:20b0eac1-c8fd-4894-bfaf-d96717eb843e\nTime:2025-08-06T22:29:55.701Z</Message>\n</Error>" ErrorStack="StorageError: The specified container does not exist.\n    at StorageErrorFactory.getContainerNotFound (C:\\Users\\lukew\\AppData\\Local\\nvm\\v20.15.1\\node_modules\\azurite\\dist\\src\\blob\\errors\\StorageErrorFactory.js:14:16)\n    at LokiBlobMetadataStore.checkContainerExist (C:\\Users\\lukew\\AppData\\Local\\nvm\\v20.15.1\\node_modules\\azurite\\dist\\src\\blob\\persistence\\LokiBlobMetadataStore.js:566:49)\n    at BlockBlobHandler.upload (C:\\Users\\lukew\\AppData\\Local\\nvm\\v20.15.1\\node_modules\\azurite\\dist\\src\\blob\\handlers\\BlockBlobHandler.js:40:34)\n    at C:\\Users\\lukew\\AppData\\Local\\nvm\\v20.15.1\\node_modules\\azurite\\dist\\src\\blob\\generated\\middleware\\HandlerMiddlewareFactory.js:58:18\n    at C:\\Users\\lukew\\AppData\\Local\\nvm\\v20.15.1\\node_modules\\azurite\\dist\\src\\blob\\generated\\ExpressMiddlewareFactory.js:78:63\n    at Layer.handle [as handle_request] (C:\\Users\\lukew\\AppData\\Local\\nvm\\v20.15.1\\node_modules\\azurite\\node_modules\\express\\lib\\router\\layer.js:95:5)\n    at trim_prefix (C:\\Users\\lukew\\AppData\\Local\\nvm\\v20.15.1\\node_modules\\azurite\\node_modules\\express\\lib\\router\\index.js:328:13)\n    at C:\\Users\\lukew\\AppData\\Local\\nvm\\v20.15.1\\node_modules\\azurite\\node_modules\\express\\lib\\router\\index.js:286:9\n    at Function.process_params (C:\\Users\\lukew\\AppData\\Local\\nvm\\v20.15.1\\node_modules\\azurite\\node_modules\\express\\lib\\router\\index.js:346:12)\n    at next (C:\\Users\\lukew\\AppData\\Local\\nvm\\v20.15.1\\node_modules\\azurite\\node_modules\\express\\lib\\router\\index.js:280:10)"
2025-08-06T22:29:55.702Z 20b0eac1-c8fd-4894-bfaf-d96717eb843e error: ErrorMiddleware: Set HTTP code: 404
2025-08-06T22:29:55.702Z 20b0eac1-c8fd-4894-bfaf-d96717eb843e error: ErrorMiddleware: Set HTTP status message: The specified container does not exist.
2025-08-06T22:29:55.702Z 20b0eac1-c8fd-4894-bfaf-d96717eb843e error: ErrorMiddleware: Set HTTP Header: x-ms-error-code=ContainerNotFound
2025-08-06T22:29:55.702Z 20b0eac1-c8fd-4894-bfaf-d96717eb843e error: ErrorMiddleware: Set HTTP Header: x-ms-request-id=20b0eac1-c8fd-4894-bfaf-d96717eb843e
2025-08-06T22:29:55.702Z 20b0eac1-c8fd-4894-bfaf-d96717eb843e error: ErrorMiddleware: Set content type: application/xml
2025-08-06T22:29:55.702Z 20b0eac1-c8fd-4894-bfaf-d96717eb843e error: ErrorMiddleware: Set HTTP body: "<?xml version=\"1.0\" encoding=\"UTF-8\" standalone=\"yes\"?>\n<Error>\n  <Code>ContainerNotFound</Code>\n  <Message>The specified container does not exist.\nRequestId:20b0eac1-c8fd-4894-bfaf-d96717eb843e\nTime:2025-08-06T22:29:55.701Z</Message>\n</Error>"
2025-08-06T22:29:55.702Z 20b0eac1-c8fd-4894-bfaf-d96717eb843e verbose: Send Blob telemetry: B_BlockBlob_Upload
2025-08-06T22:29:55.702Z 20b0eac1-c8fd-4894-bfaf-d96717eb843e info: EndMiddleware: End response. TotalTimeInMS=4 StatusCode=404 StatusMessage=The specified container does not exist. Headers={"server":"Azurite-Blob/3.34.0","x-ms-error-code":"ContainerNotFound","x-ms-request-id":"20b0eac1-c8fd-4894-bfaf-d96717eb843e","content-type":"application/xml"}
2025-08-06T22:29:55.707Z fd01df74-125f-4989-a686-4a5fd7bfde32 info: BlobStorageContextMiddleware: RequestMethod=PUT RequestURL=http://127.0.0.1/devstoreaccount1/azure-webjobs-hosts?restype=container RequestHeaders:{"host":"127.0.0.1:10000","x-ms-version":"2024-08-04","accept":"application/xml","x-ms-client-request-id":"d91fbfe8-d998-43ab-9fef-2b165dbc5787","x-ms-return-client-request-id":"true","user-agent":"azsdk-net-Storage.Blobs/12.21.2 (.NET 8.0.16; Microsoft Windows 10.0.26100)","x-ms-date":"Wed, 06 Aug 2025 22:29:55 GMT","authorization":"SharedKey devstoreaccount1:JMfEqOm9KpigJ6bRgqW3k8WEhe0qEJkzzSGpfF1+Mtw=","content-length":"0"} ClientIP=127.0.0.1 Protocol=http HTTPVersion=1.1
2025-08-06T22:29:55.707Z fd01df74-125f-4989-a686-4a5fd7bfde32 info: BlobStorageContextMiddleware: Account=devstoreaccount1 Container=azure-webjobs-hosts Blob=
2025-08-06T22:29:55.707Z fd01df74-125f-4989-a686-4a5fd7bfde32 verbose: DispatchMiddleware: Dispatching request...
2025-08-06T22:29:55.708Z fd01df74-125f-4989-a686-4a5fd7bfde32 info: DispatchMiddleware: Operation=Container_Create
2025-08-06T22:29:55.708Z fd01df74-125f-4989-a686-4a5fd7bfde32 verbose: AuthenticationMiddlewareFactory:createAuthenticationMiddleware() Validating authentications.
2025-08-06T22:29:55.708Z fd01df74-125f-4989-a686-4a5fd7bfde32 info: PublicAccessAuthenticator:validate() Start validation against public access.
2025-08-06T22:29:55.708Z fd01df74-125f-4989-a686-4a5fd7bfde32 debug: PublicAccessAuthenticator:validate() Getting account properties...
2025-08-06T22:29:55.708Z fd01df74-125f-4989-a686-4a5fd7bfde32 debug: PublicAccessAuthenticator:validate() Retrieved account name from context: devstoreaccount1, container: azure-webjobs-hosts, blob: 
2025-08-06T22:29:55.708Z fd01df74-125f-4989-a686-4a5fd7bfde32 debug: PublicAccessAuthenticator:validate() Skip public access authentication. Cannot get public access type for container azure-webjobs-hosts
2025-08-06T22:29:55.708Z fd01df74-125f-4989-a686-4a5fd7bfde32 info: BlobSharedKeyAuthenticator:validate() Start validation against account shared key authentication.
2025-08-06T22:29:55.708Z fd01df74-125f-4989-a686-4a5fd7bfde32 info: BlobSharedKeyAuthenticator:validate() [STRING TO SIGN]:"PUT\n\n\n\n\n\n\n\n\n\n\n\nx-ms-client-request-id:d91fbfe8-d998-43ab-9fef-2b165dbc5787\nx-ms-date:Wed, 06 Aug 2025 22:29:55 GMT\nx-ms-return-client-request-id:true\nx-ms-version:2024-08-04\n/devstoreaccount1/devstoreaccount1/azure-webjobs-hosts\nrestype:container"
2025-08-06T22:29:55.708Z fd01df74-125f-4989-a686-4a5fd7bfde32 info: BlobSharedKeyAuthenticator:validate() Calculated authentication header based on key1: SharedKey devstoreaccount1:JMfEqOm9KpigJ6bRgqW3k8WEhe0qEJkzzSGpfF1+Mtw=
2025-08-06T22:29:55.709Z fd01df74-125f-4989-a686-4a5fd7bfde32 info: BlobSharedKeyAuthenticator:validate() Signature 1 matched.
2025-08-06T22:29:55.709Z fd01df74-125f-4989-a686-4a5fd7bfde32 verbose: DeserializerMiddleware: Start deserializing...
2025-08-06T22:29:55.709Z fd01df74-125f-4989-a686-4a5fd7bfde32 info: HandlerMiddleware: DeserializedParameters={"options":{"metadata":{},"requestId":"d91fbfe8-d998-43ab-9fef-2b165dbc5787","containerCpkScopeInfo":{}},"restype":"container","version":"2024-08-04"}
2025-08-06T22:29:55.710Z fd01df74-125f-4989-a686-4a5fd7bfde32 verbose: SerializerMiddleware: Start serializing...
2025-08-06T22:29:55.710Z fd01df74-125f-4989-a686-4a5fd7bfde32 verbose: Send Blob telemetry: B_Container_Create
2025-08-06T22:29:55.710Z fd01df74-125f-4989-a686-4a5fd7bfde32 info: EndMiddleware: End response. TotalTimeInMS=3 StatusCode=201 StatusMessage=undefined Headers={"server":"Azurite-Blob/3.34.0","etag":"\"0x1D00B6CC200D490\"","last-modified":"Wed, 06 Aug 2025 22:29:55 GMT","x-ms-client-request-id":"d91fbfe8-d998-43ab-9fef-2b165dbc5787","x-ms-request-id":"fd01df74-125f-4989-a686-4a5fd7bfde32","x-ms-version":"2025-05-05"}
2025-08-06T22:29:55.714Z 14f11285-2beb-45c4-8e2d-f81e8e25502e info: BlobStorageContextMiddleware: RequestMethod=PUT RequestURL=http://127.0.0.1/devstoreaccount1/azure-webjobs-hosts/locks/lukepc-1879092115/host RequestHeaders:{"host":"127.0.0.1:10000","x-ms-blob-type":"BlockBlob","if-none-match":"*","x-ms-version":"2024-08-04","accept":"application/xml","x-ms-client-request-id":"8be09475-4246-4c30-9393-36e665269ac2","x-ms-return-client-request-id":"true","user-agent":"azsdk-net-Storage.Blobs/12.21.2 (.NET 8.0.16; Microsoft Windows 10.0.26100)","x-ms-date":"Wed, 06 Aug 2025 22:29:55 GMT","authorization":"SharedKey devstoreaccount1:Mtys+vmWzeh3KItWxiptBjXgN4RqkvZdzBlfz34d6T8=","content-length":"0","content-type":"application/octet-stream"} ClientIP=127.0.0.1 Protocol=http HTTPVersion=1.1
2025-08-06T22:29:55.714Z 14f11285-2beb-45c4-8e2d-f81e8e25502e info: BlobStorageContextMiddleware: Account=devstoreaccount1 Container=azure-webjobs-hosts Blob=locks/lukepc-1879092115/host
2025-08-06T22:29:55.714Z 14f11285-2beb-45c4-8e2d-f81e8e25502e verbose: DispatchMiddleware: Dispatching request...
2025-08-06T22:29:55.714Z 14f11285-2beb-45c4-8e2d-f81e8e25502e info: DispatchMiddleware: Operation=BlockBlob_Upload
2025-08-06T22:29:55.715Z 14f11285-2beb-45c4-8e2d-f81e8e25502e verbose: AuthenticationMiddlewareFactory:createAuthenticationMiddleware() Validating authentications.
2025-08-06T22:29:55.715Z 14f11285-2beb-45c4-8e2d-f81e8e25502e info: PublicAccessAuthenticator:validate() Start validation against public access.
2025-08-06T22:29:55.715Z 14f11285-2beb-45c4-8e2d-f81e8e25502e debug: PublicAccessAuthenticator:validate() Getting account properties...
2025-08-06T22:29:55.715Z 14f11285-2beb-45c4-8e2d-f81e8e25502e debug: PublicAccessAuthenticator:validate() Retrieved account name from context: devstoreaccount1, container: azure-webjobs-hosts, blob: locks/lukepc-1879092115/host
2025-08-06T22:29:55.716Z 14f11285-2beb-45c4-8e2d-f81e8e25502e debug: PublicAccessAuthenticator:validate() Skip public access authentication. Cannot get public access type for container azure-webjobs-hosts
2025-08-06T22:29:55.716Z 14f11285-2beb-45c4-8e2d-f81e8e25502e info: BlobSharedKeyAuthenticator:validate() Start validation against account shared key authentication.
2025-08-06T22:29:55.716Z 14f11285-2beb-45c4-8e2d-f81e8e25502e info: BlobSharedKeyAuthenticator:validate() [STRING TO SIGN]:"PUT\n\n\n\n\napplication/octet-stream\n\n\n\n*\n\n\nx-ms-blob-type:BlockBlob\nx-ms-client-request-id:8be09475-4246-4c30-9393-36e665269ac2\nx-ms-date:Wed, 06 Aug 2025 22:29:55 GMT\nx-ms-return-client-request-id:true\nx-ms-version:2024-08-04\n/devstoreaccount1/devstoreaccount1/azure-webjobs-hosts/locks/lukepc-1879092115/host"
2025-08-06T22:29:55.716Z 14f11285-2beb-45c4-8e2d-f81e8e25502e info: BlobSharedKeyAuthenticator:validate() Calculated authentication header based on key1: SharedKey devstoreaccount1:Mtys+vmWzeh3KItWxiptBjXgN4RqkvZdzBlfz34d6T8=
2025-08-06T22:29:55.716Z 14f11285-2beb-45c4-8e2d-f81e8e25502e info: BlobSharedKeyAuthenticator:validate() Signature 1 matched.
2025-08-06T22:29:55.716Z 14f11285-2beb-45c4-8e2d-f81e8e25502e verbose: DeserializerMiddleware: Start deserializing...
2025-08-06T22:29:55.716Z 14f11285-2beb-45c4-8e2d-f81e8e25502e info: HandlerMiddleware: DeserializedParameters={"options":{"metadata":{},"requestId":"8be09475-4246-4c30-9393-36e665269ac2","blobHTTPHeaders":{},"leaseAccessConditions":{},"cpkInfo":{},"cpkScopeInfo":{},"modifiedAccessConditions":{"ifNoneMatch":"*"}},"contentLength":0,"version":"2024-08-04","blobType":"BlockBlob","body":"ReadableStream"}
2025-08-06T22:29:55.716Z 14f11285-2beb-45c4-8e2d-f81e8e25502e debug: OperationQueue.operate() Schedule incoming job 33b329a3-ff30-4ad2-8276-51b53a49e9e1
2025-08-06T22:29:55.716Z 14f11285-2beb-45c4-8e2d-f81e8e25502e debug: OperationQueue:execute() Current runningConcurrency:0 maxConcurrency:50 operations.length:1
2025-08-06T22:29:55.717Z 14f11285-2beb-45c4-8e2d-f81e8e25502e info: FSExtentStore:appendExtent() Select extent from idle location for extent append operation. LocationId:1 extentId:3583c466-4162-4745-b91e-d785d66f295a offset:0 MAX_EXTENT_SIZE:67108864 
2025-08-06T22:29:55.717Z 14f11285-2beb-45c4-8e2d-f81e8e25502e debug: FSExtentStore:appendExtent() Get fd:undefined for extent:3583c466-4162-4745-b91e-d785d66f295a from cache.
2025-08-06T22:29:55.717Z 14f11285-2beb-45c4-8e2d-f81e8e25502e debug: FSExtentStore:appendExtent() Open file:azurite\__blobstorage__\3583c466-4162-4745-b91e-d785d66f295a for extent:3583c466-4162-4745-b91e-d785d66f295a, get new fd:4
2025-08-06T22:29:55.717Z 14f11285-2beb-45c4-8e2d-f81e8e25502e debug: FSExtentStore:appendExtent() Created write stream for fd:4
2025-08-06T22:29:55.717Z 14f11285-2beb-45c4-8e2d-f81e8e25502e debug: FSExtentStore:appendExtent() Start writing to extent 3583c466-4162-4745-b91e-d785d66f295a
2025-08-06T22:29:55.717Z 14f11285-2beb-45c4-8e2d-f81e8e25502e debug: FSExtentStore:streamPipe() Start piping data to write stream
2025-08-06T22:29:55.717Z 14f11285-2beb-45c4-8e2d-f81e8e25502e debug: FSExtentStore:streamPipe() Readable stream triggers close event, 0 bytes piped
2025-08-06T22:29:55.717Z 14f11285-2beb-45c4-8e2d-f81e8e25502e debug: FSExtentStore:streamPipe() Invoke write stream end()
2025-08-06T22:29:55.718Z 14f11285-2beb-45c4-8e2d-f81e8e25502e debug: FSExtentStore:streamPipe() Writable stream triggers finish event, after 0 bytes piped. Flush data to fd:4.
2025-08-06T22:29:55.718Z 14f11285-2beb-45c4-8e2d-f81e8e25502e debug: FSExtentStore:streamPipe() Readable stream triggers close event, 0 bytes piped
2025-08-06T22:29:55.758Z 14f11285-2beb-45c4-8e2d-f81e8e25502e debug: FSExtentStore:streamPipe() Flush data to fd:4 successfully. Resolve streamPipe().
2025-08-06T22:29:55.758Z 14f11285-2beb-45c4-8e2d-f81e8e25502e debug: FSExtentStore:appendExtent() Write finish, start updating extent metadata. extent:{"id":"3583c466-4162-4745-b91e-d785d66f295a","locationId":"Default","path":"3583c466-4162-4745-b91e-d785d66f295a","size":0,"lastModifiedInMS":1754519395758}
2025-08-06T22:29:55.759Z 14f11285-2beb-45c4-8e2d-f81e8e25502e debug: FSExtentStore:appendExtent() Update extent metadata done. Resolve()
2025-08-06T22:29:55.759Z 14f11285-2beb-45c4-8e2d-f81e8e25502e debug: OperationQueue.operate() Job 33b329a3-ff30-4ad2-8276-51b53a49e9e1 completes callback, resolve.
2025-08-06T22:29:55.759Z 14f11285-2beb-45c4-8e2d-f81e8e25502e debug: OperationQueue:execute() Current runningConcurrency:0 maxConcurrency:50 operations.length:0
2025-08-06T22:29:55.759Z 14f11285-2beb-45c4-8e2d-f81e8e25502e debug: OperationQueue:execute() return. Operation.length === 0
2025-08-06T22:29:55.760Z 14f11285-2beb-45c4-8e2d-f81e8e25502e verbose: SerializerMiddleware: Start serializing...
2025-08-06T22:29:55.760Z 14f11285-2beb-45c4-8e2d-f81e8e25502e verbose: Send Blob telemetry: B_BlockBlob_Upload
2025-08-06T22:29:55.760Z 14f11285-2beb-45c4-8e2d-f81e8e25502e info: EndMiddleware: End response. TotalTimeInMS=46 StatusCode=201 StatusMessage=undefined Headers={"server":"Azurite-Blob/3.34.0","etag":"\"0x1B981477EBFDFC0\"","last-modified":"Wed, 06 Aug 2025 22:29:55 GMT","content-md5":"1B2M2Y8AsgTpgAmY7PhCfg==","x-ms-client-request-id":"8be09475-4246-4c30-9393-36e665269ac2","x-ms-request-id":"14f11285-2beb-45c4-8e2d-f81e8e25502e","x-ms-version":"2025-05-05","date":"Wed, 06 Aug 2025 22:29:55 GMT","x-ms-request-server-encrypted":"true"}
2025-08-06T22:29:55.762Z f8d04f02-0f60-4949-ba3e-7633ecc2ea98 info: BlobStorageContextMiddleware: RequestMethod=PUT RequestURL=http://127.0.0.1/devstoreaccount1/azure-webjobs-hosts/locks/lukepc-1879092115/host?comp=lease RequestHeaders:{"host":"127.0.0.1:10000","x-ms-lease-action":"acquire","x-ms-version":"2024-08-04","accept":"application/xml","x-ms-lease-duration":"15","x-ms-proposed-lease-id":"000000000000000000000000473094AD","x-ms-client-request-id":"96cffab6-8244-47a3-bdc9-dcd2174542f1","x-ms-return-client-request-id":"true","user-agent":"azsdk-net-Storage.Blobs/12.21.2 (.NET 8.0.16; Microsoft Windows 10.0.26100)","x-ms-date":"Wed, 06 Aug 2025 22:29:55 GMT","authorization":"SharedKey devstoreaccount1:f3qanqZftY9yUF2YSYD51MvSf8EgbahdSwo1ylDS1U4=","content-length":"0"} ClientIP=127.0.0.1 Protocol=http HTTPVersion=1.1
2025-08-06T22:29:55.762Z f8d04f02-0f60-4949-ba3e-7633ecc2ea98 info: BlobStorageContextMiddleware: Account=devstoreaccount1 Container=azure-webjobs-hosts Blob=locks/lukepc-1879092115/host
2025-08-06T22:29:55.762Z f8d04f02-0f60-4949-ba3e-7633ecc2ea98 verbose: DispatchMiddleware: Dispatching request...
2025-08-06T22:29:55.762Z f8d04f02-0f60-4949-ba3e-7633ecc2ea98 info: DispatchMiddleware: Operation=Blob_AcquireLease
2025-08-06T22:29:55.762Z f8d04f02-0f60-4949-ba3e-7633ecc2ea98 verbose: AuthenticationMiddlewareFactory:createAuthenticationMiddleware() Validating authentications.
2025-08-06T22:29:55.762Z f8d04f02-0f60-4949-ba3e-7633ecc2ea98 info: PublicAccessAuthenticator:validate() Start validation against public access.
2025-08-06T22:29:55.762Z f8d04f02-0f60-4949-ba3e-7633ecc2ea98 debug: PublicAccessAuthenticator:validate() Getting account properties...
2025-08-06T22:29:55.762Z f8d04f02-0f60-4949-ba3e-7633ecc2ea98 debug: PublicAccessAuthenticator:validate() Retrieved account name from context: devstoreaccount1, container: azure-webjobs-hosts, blob: locks/lukepc-1879092115/host
2025-08-06T22:29:55.763Z f8d04f02-0f60-4949-ba3e-7633ecc2ea98 debug: PublicAccessAuthenticator:validate() Skip public access authentication. Cannot get public access type for container azure-webjobs-hosts
2025-08-06T22:29:55.763Z f8d04f02-0f60-4949-ba3e-7633ecc2ea98 info: BlobSharedKeyAuthenticator:validate() Start validation against account shared key authentication.
2025-08-06T22:29:55.763Z f8d04f02-0f60-4949-ba3e-7633ecc2ea98 info: BlobSharedKeyAuthenticator:validate() [STRING TO SIGN]:"PUT\n\n\n\n\n\n\n\n\n\n\n\nx-ms-client-request-id:96cffab6-8244-47a3-bdc9-dcd2174542f1\nx-ms-date:Wed, 06 Aug 2025 22:29:55 GMT\nx-ms-lease-action:acquire\nx-ms-lease-duration:15\nx-ms-proposed-lease-id:000000000000000000000000473094AD\nx-ms-return-client-request-id:true\nx-ms-version:2024-08-04\n/devstoreaccount1/devstoreaccount1/azure-webjobs-hosts/locks/lukepc-1879092115/host\ncomp:lease"
2025-08-06T22:29:55.763Z f8d04f02-0f60-4949-ba3e-7633ecc2ea98 info: BlobSharedKeyAuthenticator:validate() Calculated authentication header based on key1: SharedKey devstoreaccount1:f3qanqZftY9yUF2YSYD51MvSf8EgbahdSwo1ylDS1U4=
2025-08-06T22:29:55.763Z f8d04f02-0f60-4949-ba3e-7633ecc2ea98 info: BlobSharedKeyAuthenticator:validate() Signature 1 matched.
2025-08-06T22:29:55.763Z f8d04f02-0f60-4949-ba3e-7633ecc2ea98 verbose: DeserializerMiddleware: Start deserializing...
2025-08-06T22:29:55.763Z f8d04f02-0f60-4949-ba3e-7633ecc2ea98 info: HandlerMiddleware: DeserializedParameters={"options":{"duration":15,"proposedLeaseId":"000000000000000000000000473094AD","requestId":"96cffab6-8244-47a3-bdc9-dcd2174542f1","modifiedAccessConditions":{}},"comp":"lease","version":"2024-08-04","action":"acquire"}
2025-08-06T22:29:55.764Z f8d04f02-0f60-4949-ba3e-7633ecc2ea98 verbose: SerializerMiddleware: Start serializing...
2025-08-06T22:29:55.764Z f8d04f02-0f60-4949-ba3e-7633ecc2ea98 verbose: Send Blob telemetry: B_Blob_AcquireLease
2025-08-06T22:29:55.764Z f8d04f02-0f60-4949-ba3e-7633ecc2ea98 info: EndMiddleware: End response. TotalTimeInMS=2 StatusCode=201 StatusMessage=undefined Headers={"server":"Azurite-Blob/3.34.0","etag":"\"0x1B981477EBFDFC0\"","last-modified":"Wed, 06 Aug 2025 22:29:55 GMT","x-ms-lease-id":"000000000000000000000000473094AD","x-ms-client-request-id":"96cffab6-8244-47a3-bdc9-dcd2174542f1","x-ms-request-id":"f8d04f02-0f60-4949-ba3e-7633ecc2ea98","x-ms-version":"2025-05-05","date":"Wed, 06 Aug 2025 22:29:55 GMT"}
2025-08-06T22:29:55.767Z 07cedcfd-3025-4b04-a226-0e956fcf8c7f info: BlobStorageContextMiddleware: RequestMethod=HEAD RequestURL=http://127.0.0.1/devstoreaccount1/azure-webjobs-hosts/locks/lukepc-1879092115/host RequestHeaders:{"host":"127.0.0.1:10000","x-ms-version":"2024-08-04","accept":"application/xml","x-ms-client-request-id":"3b8f659d-dcc5-4583-8e85-a793182cdb6e","x-ms-return-client-request-id":"true","user-agent":"azsdk-net-Storage.Blobs/12.21.2 (.NET 8.0.16; Microsoft Windows 10.0.26100)","x-ms-date":"Wed, 06 Aug 2025 22:29:55 GMT","authorization":"SharedKey devstoreaccount1:3Ob+SMI1hH0t6cqEjrTN0CbGerW3O3yUkLvyknDw8Mc="} ClientIP=127.0.0.1 Protocol=http HTTPVersion=1.1
2025-08-06T22:29:55.768Z 07cedcfd-3025-4b04-a226-0e956fcf8c7f info: BlobStorageContextMiddleware: Account=devstoreaccount1 Container=azure-webjobs-hosts Blob=locks/lukepc-1879092115/host
2025-08-06T22:29:55.768Z 07cedcfd-3025-4b04-a226-0e956fcf8c7f verbose: DispatchMiddleware: Dispatching request...
2025-08-06T22:29:55.768Z 07cedcfd-3025-4b04-a226-0e956fcf8c7f info: DispatchMiddleware: Operation=Blob_GetProperties
2025-08-06T22:29:55.768Z 07cedcfd-3025-4b04-a226-0e956fcf8c7f verbose: AuthenticationMiddlewareFactory:createAuthenticationMiddleware() Validating authentications.
2025-08-06T22:29:55.768Z 07cedcfd-3025-4b04-a226-0e956fcf8c7f info: PublicAccessAuthenticator:validate() Start validation against public access.
2025-08-06T22:29:55.768Z 07cedcfd-3025-4b04-a226-0e956fcf8c7f debug: PublicAccessAuthenticator:validate() Getting account properties...
2025-08-06T22:29:55.768Z 07cedcfd-3025-4b04-a226-0e956fcf8c7f debug: PublicAccessAuthenticator:validate() Retrieved account name from context: devstoreaccount1, container: azure-webjobs-hosts, blob: locks/lukepc-1879092115/host
2025-08-06T22:29:55.768Z 07cedcfd-3025-4b04-a226-0e956fcf8c7f debug: PublicAccessAuthenticator:validate() Skip public access authentication. Cannot get public access type for container azure-webjobs-hosts
2025-08-06T22:29:55.768Z 07cedcfd-3025-4b04-a226-0e956fcf8c7f info: BlobSharedKeyAuthenticator:validate() Start validation against account shared key authentication.
2025-08-06T22:29:55.768Z 07cedcfd-3025-4b04-a226-0e956fcf8c7f info: BlobSharedKeyAuthenticator:validate() [STRING TO SIGN]:"HEAD\n\n\n\n\n\n\n\n\n\n\n\nx-ms-client-request-id:3b8f659d-dcc5-4583-8e85-a793182cdb6e\nx-ms-date:Wed, 06 Aug 2025 22:29:55 GMT\nx-ms-return-client-request-id:true\nx-ms-version:2024-08-04\n/devstoreaccount1/devstoreaccount1/azure-webjobs-hosts/locks/lukepc-1879092115/host"
2025-08-06T22:29:55.768Z 07cedcfd-3025-4b04-a226-0e956fcf8c7f info: BlobSharedKeyAuthenticator:validate() Calculated authentication header based on key1: SharedKey devstoreaccount1:3Ob+SMI1hH0t6cqEjrTN0CbGerW3O3yUkLvyknDw8Mc=
2025-08-06T22:29:55.768Z 07cedcfd-3025-4b04-a226-0e956fcf8c7f info: BlobSharedKeyAuthenticator:validate() Signature 1 matched.
2025-08-06T22:29:55.768Z 07cedcfd-3025-4b04-a226-0e956fcf8c7f verbose: DeserializerMiddleware: Start deserializing...
2025-08-06T22:29:55.768Z 07cedcfd-3025-4b04-a226-0e956fcf8c7f info: HandlerMiddleware: DeserializedParameters={"options":{"requestId":"3b8f659d-dcc5-4583-8e85-a793182cdb6e","leaseAccessConditions":{},"cpkInfo":{},"modifiedAccessConditions":{}},"version":"2024-08-04"}
2025-08-06T22:29:55.769Z 07cedcfd-3025-4b04-a226-0e956fcf8c7f verbose: SerializerMiddleware: Start serializing...
2025-08-06T22:29:55.769Z 07cedcfd-3025-4b04-a226-0e956fcf8c7f verbose: Send Blob telemetry: B_Blob_GetProperties
2025-08-06T22:29:55.769Z 07cedcfd-3025-4b04-a226-0e956fcf8c7f info: EndMiddleware: End response. TotalTimeInMS=2 StatusCode=200 StatusMessage=undefined Headers={"server":"Azurite-Blob/3.34.0","last-modified":"Wed, 06 Aug 2025 22:29:55 GMT","x-ms-creation-time":"Wed, 06 Aug 2025 22:29:55 GMT","x-ms-blob-type":"BlockBlob","x-ms-lease-duration":"fixed","x-ms-lease-state":"leased","x-ms-lease-status":"locked","content-length":"0","content-type":"application/octet-stream","etag":"\"0x1B981477EBFDFC0\"","content-md5":"1B2M2Y8AsgTpgAmY7PhCfg==","x-ms-client-request-id":"3b8f659d-dcc5-4583-8e85-a793182cdb6e","x-ms-request-id":"07cedcfd-3025-4b04-a226-0e956fcf8c7f","x-ms-version":"2025-05-05","date":"Wed, 06 Aug 2025 22:29:55 GMT","accept-ranges":"bytes","x-ms-server-encrypted":"true","x-ms-access-tier":"Hot","x-ms-access-tier-inferred":"true","x-ms-access-tier-change-time":"Wed, 06 Aug 2025 22:29:55 GMT"}
2025-08-06T22:29:55.776Z 48b9529b-b7a5-4d18-b6e2-202993fac147 info: BlobStorageContextMiddleware: RequestMethod=PUT RequestURL=http://127.0.0.1/devstoreaccount1/azure-webjobs-hosts/locks/lukepc-1879092115/host?comp=metadata RequestHeaders:{"host":"127.0.0.1:10000","x-ms-meta-functioninstance":"000000000000000000000000473094AD","x-ms-lease-id":"000000000000000000000000473094AD","x-ms-version":"2024-08-04","accept":"application/xml","x-ms-client-request-id":"341554ec-3c61-42a9-89ce-8ed87ee2f9e0","x-ms-return-client-request-id":"true","user-agent":"azsdk-net-Storage.Blobs/12.21.2 (.NET 8.0.16; Microsoft Windows 10.0.26100)","x-ms-date":"Wed, 06 Aug 2025 22:29:55 GMT","authorization":"SharedKey devstoreaccount1:F9XTE3Zhr363uK9h4RdjHfdr1Dwra4s0FHwZuYjXcvk=","content-length":"0"} ClientIP=127.0.0.1 Protocol=http HTTPVersion=1.1
2025-08-06T22:29:55.777Z 48b9529b-b7a5-4d18-b6e2-202993fac147 info: BlobStorageContextMiddleware: Account=devstoreaccount1 Container=azure-webjobs-hosts Blob=locks/lukepc-1879092115/host
2025-08-06T22:29:55.777Z 48b9529b-b7a5-4d18-b6e2-202993fac147 verbose: DispatchMiddleware: Dispatching request...
2025-08-06T22:29:55.777Z 48b9529b-b7a5-4d18-b6e2-202993fac147 info: DispatchMiddleware: Operation=Blob_SetMetadata
2025-08-06T22:29:55.777Z 48b9529b-b7a5-4d18-b6e2-202993fac147 verbose: AuthenticationMiddlewareFactory:createAuthenticationMiddleware() Validating authentications.
2025-08-06T22:29:55.777Z 48b9529b-b7a5-4d18-b6e2-202993fac147 info: PublicAccessAuthenticator:validate() Start validation against public access.
2025-08-06T22:29:55.777Z 48b9529b-b7a5-4d18-b6e2-202993fac147 debug: PublicAccessAuthenticator:validate() Getting account properties...
2025-08-06T22:29:55.777Z 48b9529b-b7a5-4d18-b6e2-202993fac147 debug: PublicAccessAuthenticator:validate() Retrieved account name from context: devstoreaccount1, container: azure-webjobs-hosts, blob: locks/lukepc-1879092115/host
2025-08-06T22:29:55.777Z 48b9529b-b7a5-4d18-b6e2-202993fac147 debug: PublicAccessAuthenticator:validate() Skip public access authentication. Cannot get public access type for container azure-webjobs-hosts
2025-08-06T22:29:55.777Z 48b9529b-b7a5-4d18-b6e2-202993fac147 info: BlobSharedKeyAuthenticator:validate() Start validation against account shared key authentication.
2025-08-06T22:29:55.778Z 48b9529b-b7a5-4d18-b6e2-202993fac147 info: BlobSharedKeyAuthenticator:validate() [STRING TO SIGN]:"PUT\n\n\n\n\n\n\n\n\n\n\n\nx-ms-client-request-id:341554ec-3c61-42a9-89ce-8ed87ee2f9e0\nx-ms-date:Wed, 06 Aug 2025 22:29:55 GMT\nx-ms-lease-id:000000000000000000000000473094AD\nx-ms-meta-functioninstance:000000000000000000000000473094AD\nx-ms-return-client-request-id:true\nx-ms-version:2024-08-04\n/devstoreaccount1/devstoreaccount1/azure-webjobs-hosts/locks/lukepc-1879092115/host\ncomp:metadata"
2025-08-06T22:29:55.778Z 48b9529b-b7a5-4d18-b6e2-202993fac147 info: BlobSharedKeyAuthenticator:validate() Calculated authentication header based on key1: SharedKey devstoreaccount1:F9XTE3Zhr363uK9h4RdjHfdr1Dwra4s0FHwZuYjXcvk=
2025-08-06T22:29:55.778Z 48b9529b-b7a5-4d18-b6e2-202993fac147 info: BlobSharedKeyAuthenticator:validate() Signature 1 matched.
2025-08-06T22:29:55.778Z 48b9529b-b7a5-4d18-b6e2-202993fac147 verbose: DeserializerMiddleware: Start deserializing...
2025-08-06T22:29:55.778Z 48b9529b-b7a5-4d18-b6e2-202993fac147 info: HandlerMiddleware: DeserializedParameters={"options":{"metadata":{"functioninstance":"000000000000000000000000473094AD"},"requestId":"341554ec-3c61-42a9-89ce-8ed87ee2f9e0","leaseAccessConditions":{"leaseId":"000000000000000000000000473094AD"},"cpkInfo":{},"cpkScopeInfo":{},"modifiedAccessConditions":{}},"comp":"metadata","version":"2024-08-04"}
2025-08-06T22:29:55.778Z 48b9529b-b7a5-4d18-b6e2-202993fac147 verbose: SerializerMiddleware: Start serializing...
2025-08-06T22:29:55.779Z 48b9529b-b7a5-4d18-b6e2-202993fac147 verbose: Send Blob telemetry: B_Blob_SetMetadata
2025-08-06T22:29:55.779Z 48b9529b-b7a5-4d18-b6e2-202993fac147 info: EndMiddleware: End response. TotalTimeInMS=3 StatusCode=200 StatusMessage=undefined Headers={"server":"Azurite-Blob/3.34.0","etag":"\"0x25D32A46AA9BFC0\"","last-modified":"Wed, 06 Aug 2025 22:29:55 GMT","x-ms-client-request-id":"341554ec-3c61-42a9-89ce-8ed87ee2f9e0","x-ms-request-id":"48b9529b-b7a5-4d18-b6e2-202993fac147","x-ms-version":"2025-05-05","date":"Wed, 06 Aug 2025 22:29:55 GMT","x-ms-request-server-encrypted":"true"}
2025-08-06T22:30:07.788Z 7a485338-0432-480c-977a-a1fe6020649e info: BlobStorageContextMiddleware: RequestMethod=PUT RequestURL=http://127.0.0.1/devstoreaccount1/azure-webjobs-hosts/locks/lukepc-1879092115/host?comp=lease RequestHeaders:{"host":"127.0.0.1:10000","x-ms-lease-action":"renew","x-ms-lease-id":"000000000000000000000000473094AD","x-ms-version":"2024-08-04","accept":"application/xml","x-ms-client-request-id":"d3ace7c7-08b2-4a18-b3f2-a9722cd50ac7","x-ms-return-client-request-id":"true","user-agent":"azsdk-net-Storage.Blobs/12.21.2 (.NET 8.0.16; Microsoft Windows 10.0.26100)","x-ms-date":"Wed, 06 Aug 2025 22:30:07 GMT","authorization":"SharedKey devstoreaccount1:7PQ5mT2cmmCl3fLW87X4RWwgFoNAZIJ+ryFpvsjAYCo=","content-length":"0"} ClientIP=127.0.0.1 Protocol=http HTTPVersion=1.1
2025-08-06T22:30:07.788Z 7a485338-0432-480c-977a-a1fe6020649e info: BlobStorageContextMiddleware: Account=devstoreaccount1 Container=azure-webjobs-hosts Blob=locks/lukepc-1879092115/host
2025-08-06T22:30:07.788Z 7a485338-0432-480c-977a-a1fe6020649e verbose: DispatchMiddleware: Dispatching request...
2025-08-06T22:30:07.789Z 7a485338-0432-480c-977a-a1fe6020649e info: DispatchMiddleware: Operation=Blob_RenewLease
2025-08-06T22:30:07.789Z 7a485338-0432-480c-977a-a1fe6020649e verbose: AuthenticationMiddlewareFactory:createAuthenticationMiddleware() Validating authentications.
2025-08-06T22:30:07.789Z 7a485338-0432-480c-977a-a1fe6020649e info: PublicAccessAuthenticator:validate() Start validation against public access.
2025-08-06T22:30:07.789Z 7a485338-0432-480c-977a-a1fe6020649e debug: PublicAccessAuthenticator:validate() Getting account properties...
2025-08-06T22:30:07.789Z 7a485338-0432-480c-977a-a1fe6020649e debug: PublicAccessAuthenticator:validate() Retrieved account name from context: devstoreaccount1, container: azure-webjobs-hosts, blob: locks/lukepc-1879092115/host
2025-08-06T22:30:07.789Z 7a485338-0432-480c-977a-a1fe6020649e debug: PublicAccessAuthenticator:validate() Skip public access authentication. Cannot get public access type for container azure-webjobs-hosts
2025-08-06T22:30:07.789Z 7a485338-0432-480c-977a-a1fe6020649e info: BlobSharedKeyAuthenticator:validate() Start validation against account shared key authentication.
2025-08-06T22:30:07.789Z 7a485338-0432-480c-977a-a1fe6020649e info: BlobSharedKeyAuthenticator:validate() [STRING TO SIGN]:"PUT\n\n\n\n\n\n\n\n\n\n\n\nx-ms-client-request-id:d3ace7c7-08b2-4a18-b3f2-a9722cd50ac7\nx-ms-date:Wed, 06 Aug 2025 22:30:07 GMT\nx-ms-lease-action:renew\nx-ms-lease-id:000000000000000000000000473094AD\nx-ms-return-client-request-id:true\nx-ms-version:2024-08-04\n/devstoreaccount1/devstoreaccount1/azure-webjobs-hosts/locks/lukepc-1879092115/host\ncomp:lease"
2025-08-06T22:30:07.789Z 7a485338-0432-480c-977a-a1fe6020649e info: BlobSharedKeyAuthenticator:validate() Calculated authentication header based on key1: SharedKey devstoreaccount1:7PQ5mT2cmmCl3fLW87X4RWwgFoNAZIJ+ryFpvsjAYCo=
2025-08-06T22:30:07.789Z 7a485338-0432-480c-977a-a1fe6020649e info: BlobSharedKeyAuthenticator:validate() Signature 1 matched.
2025-08-06T22:30:07.789Z 7a485338-0432-480c-977a-a1fe6020649e verbose: DeserializerMiddleware: Start deserializing...
2025-08-06T22:30:07.790Z 7a485338-0432-480c-977a-a1fe6020649e info: HandlerMiddleware: DeserializedParameters={"options":{"requestId":"d3ace7c7-08b2-4a18-b3f2-a9722cd50ac7","modifiedAccessConditions":{}},"comp":"lease","leaseId":"000000000000000000000000473094AD","version":"2024-08-04","action":"renew"}
2025-08-06T22:30:07.790Z 7a485338-0432-480c-977a-a1fe6020649e verbose: SerializerMiddleware: Start serializing...
2025-08-06T22:30:07.791Z 7a485338-0432-480c-977a-a1fe6020649e verbose: Send Blob telemetry: B_Blob_RenewLease
2025-08-06T22:30:07.791Z 7a485338-0432-480c-977a-a1fe6020649e info: EndMiddleware: End response. TotalTimeInMS=3 StatusCode=200 StatusMessage=undefined Headers={"server":"Azurite-Blob/3.34.0","etag":"\"0x25D32A46AA9BFC0\"","last-modified":"Wed, 06 Aug 2025 22:29:55 GMT","x-ms-lease-id":"000000000000000000000000473094AD","x-ms-client-request-id":"d3ace7c7-08b2-4a18-b3f2-a9722cd50ac7","x-ms-request-id":"7a485338-0432-480c-977a-a1fe6020649e","x-ms-version":"2025-05-05","date":"Wed, 06 Aug 2025 22:30:07 GMT"}
2025-08-06T22:30:19.782Z 7d53b840-22e6-41fb-ae94-6f7cdaa6ac3d info: BlobStorageContextMiddleware: RequestMethod=PUT RequestURL=http://127.0.0.1/devstoreaccount1/azure-webjobs-hosts/locks/lukepc-1879092115/host?comp=lease RequestHeaders:{"host":"127.0.0.1:10000","x-ms-lease-action":"renew","x-ms-lease-id":"000000000000000000000000473094AD","x-ms-version":"2024-08-04","accept":"application/xml","x-ms-client-request-id":"e59259c8-c526-4c9e-b3ae-92946cf9fcbc","x-ms-return-client-request-id":"true","user-agent":"azsdk-net-Storage.Blobs/12.21.2 (.NET 8.0.16; Microsoft Windows 10.0.26100)","x-ms-date":"Wed, 06 Aug 2025 22:30:19 GMT","authorization":"SharedKey devstoreaccount1:dAZwFCCsNCSKehTj+xOPfs7aVpQfVRiluKU0mjCxbdU=","content-length":"0"} ClientIP=127.0.0.1 Protocol=http HTTPVersion=1.1
2025-08-06T22:30:19.782Z 7d53b840-22e6-41fb-ae94-6f7cdaa6ac3d info: BlobStorageContextMiddleware: Account=devstoreaccount1 Container=azure-webjobs-hosts Blob=locks/lukepc-1879092115/host
2025-08-06T22:30:19.782Z 7d53b840-22e6-41fb-ae94-6f7cdaa6ac3d verbose: DispatchMiddleware: Dispatching request...
2025-08-06T22:30:19.783Z 7d53b840-22e6-41fb-ae94-6f7cdaa6ac3d info: DispatchMiddleware: Operation=Blob_RenewLease
2025-08-06T22:30:19.783Z 7d53b840-22e6-41fb-ae94-6f7cdaa6ac3d verbose: AuthenticationMiddlewareFactory:createAuthenticationMiddleware() Validating authentications.
2025-08-06T22:30:19.783Z 7d53b840-22e6-41fb-ae94-6f7cdaa6ac3d info: PublicAccessAuthenticator:validate() Start validation against public access.
2025-08-06T22:30:19.783Z 7d53b840-22e6-41fb-ae94-6f7cdaa6ac3d debug: PublicAccessAuthenticator:validate() Getting account properties...
2025-08-06T22:30:19.783Z 7d53b840-22e6-41fb-ae94-6f7cdaa6ac3d debug: PublicAccessAuthenticator:validate() Retrieved account name from context: devstoreaccount1, container: azure-webjobs-hosts, blob: locks/lukepc-1879092115/host
2025-08-06T22:30:19.783Z 7d53b840-22e6-41fb-ae94-6f7cdaa6ac3d debug: PublicAccessAuthenticator:validate() Skip public access authentication. Cannot get public access type for container azure-webjobs-hosts
2025-08-06T22:30:19.783Z 7d53b840-22e6-41fb-ae94-6f7cdaa6ac3d info: BlobSharedKeyAuthenticator:validate() Start validation against account shared key authentication.
2025-08-06T22:30:19.783Z 7d53b840-22e6-41fb-ae94-6f7cdaa6ac3d info: BlobSharedKeyAuthenticator:validate() [STRING TO SIGN]:"PUT\n\n\n\n\n\n\n\n\n\n\n\nx-ms-client-request-id:e59259c8-c526-4c9e-b3ae-92946cf9fcbc\nx-ms-date:Wed, 06 Aug 2025 22:30:19 GMT\nx-ms-lease-action:renew\nx-ms-lease-id:000000000000000000000000473094AD\nx-ms-return-client-request-id:true\nx-ms-version:2024-08-04\n/devstoreaccount1/devstoreaccount1/azure-webjobs-hosts/locks/lukepc-1879092115/host\ncomp:lease"
2025-08-06T22:30:19.783Z 7d53b840-22e6-41fb-ae94-6f7cdaa6ac3d info: BlobSharedKeyAuthenticator:validate() Calculated authentication header based on key1: SharedKey devstoreaccount1:dAZwFCCsNCSKehTj+xOPfs7aVpQfVRiluKU0mjCxbdU=
2025-08-06T22:30:19.783Z 7d53b840-22e6-41fb-ae94-6f7cdaa6ac3d info: BlobSharedKeyAuthenticator:validate() Signature 1 matched.
2025-08-06T22:30:19.783Z 7d53b840-22e6-41fb-ae94-6f7cdaa6ac3d verbose: DeserializerMiddleware: Start deserializing...
2025-08-06T22:30:19.783Z 7d53b840-22e6-41fb-ae94-6f7cdaa6ac3d info: HandlerMiddleware: DeserializedParameters={"options":{"requestId":"e59259c8-c526-4c9e-b3ae-92946cf9fcbc","modifiedAccessConditions":{}},"comp":"lease","leaseId":"000000000000000000000000473094AD","version":"2024-08-04","action":"renew"}
2025-08-06T22:30:19.784Z 7d53b840-22e6-41fb-ae94-6f7cdaa6ac3d verbose: SerializerMiddleware: Start serializing...
2025-08-06T22:30:19.784Z 7d53b840-22e6-41fb-ae94-6f7cdaa6ac3d verbose: Send Blob telemetry: B_Blob_RenewLease
2025-08-06T22:30:19.784Z 7d53b840-22e6-41fb-ae94-6f7cdaa6ac3d info: EndMiddleware: End response. TotalTimeInMS=2 StatusCode=200 StatusMessage=undefined Headers={"server":"Azurite-Blob/3.34.0","etag":"\"0x25D32A46AA9BFC0\"","last-modified":"Wed, 06 Aug 2025 22:29:55 GMT","x-ms-lease-id":"000000000000000000000000473094AD","x-ms-client-request-id":"e59259c8-c526-4c9e-b3ae-92946cf9fcbc","x-ms-request-id":"7d53b840-22e6-41fb-ae94-6f7cdaa6ac3d","x-ms-version":"2025-05-05","date":"Wed, 06 Aug 2025 22:30:19 GMT"}
2025-08-06T22:30:31.795Z db7285c5-c4f5-431d-b91f-770f31af7d6a info: BlobStorageContextMiddleware: RequestMethod=PUT RequestURL=http://127.0.0.1/devstoreaccount1/azure-webjobs-hosts/locks/lukepc-1879092115/host?comp=lease RequestHeaders:{"host":"127.0.0.1:10000","x-ms-lease-action":"renew","x-ms-lease-id":"000000000000000000000000473094AD","x-ms-version":"2024-08-04","accept":"application/xml","x-ms-client-request-id":"17f08ba0-7f4e-4f73-bd6f-205e9949cc61","x-ms-return-client-request-id":"true","user-agent":"azsdk-net-Storage.Blobs/12.21.2 (.NET 8.0.16; Microsoft Windows 10.0.26100)","x-ms-date":"Wed, 06 Aug 2025 22:30:31 GMT","authorization":"SharedKey devstoreaccount1:1sHiwBFhNocmAEXRdL57jdDZRYVPhxrwGHdwjl898fI=","content-length":"0"} ClientIP=127.0.0.1 Protocol=http HTTPVersion=1.1
2025-08-06T22:30:31.796Z db7285c5-c4f5-431d-b91f-770f31af7d6a info: BlobStorageContextMiddleware: Account=devstoreaccount1 Container=azure-webjobs-hosts Blob=locks/lukepc-1879092115/host
2025-08-06T22:30:31.796Z db7285c5-c4f5-431d-b91f-770f31af7d6a verbose: DispatchMiddleware: Dispatching request...
2025-08-06T22:30:31.797Z db7285c5-c4f5-431d-b91f-770f31af7d6a info: DispatchMiddleware: Operation=Blob_RenewLease
2025-08-06T22:30:31.797Z db7285c5-c4f5-431d-b91f-770f31af7d6a verbose: AuthenticationMiddlewareFactory:createAuthenticationMiddleware() Validating authentications.
2025-08-06T22:30:31.797Z db7285c5-c4f5-431d-b91f-770f31af7d6a info: PublicAccessAuthenticator:validate() Start validation against public access.
2025-08-06T22:30:31.797Z db7285c5-c4f5-431d-b91f-770f31af7d6a debug: PublicAccessAuthenticator:validate() Getting account properties...
2025-08-06T22:30:31.797Z db7285c5-c4f5-431d-b91f-770f31af7d6a debug: PublicAccessAuthenticator:validate() Retrieved account name from context: devstoreaccount1, container: azure-webjobs-hosts, blob: locks/lukepc-1879092115/host
2025-08-06T22:30:31.797Z db7285c5-c4f5-431d-b91f-770f31af7d6a debug: PublicAccessAuthenticator:validate() Skip public access authentication. Cannot get public access type for container azure-webjobs-hosts
2025-08-06T22:30:31.797Z db7285c5-c4f5-431d-b91f-770f31af7d6a info: BlobSharedKeyAuthenticator:validate() Start validation against account shared key authentication.
2025-08-06T22:30:31.798Z db7285c5-c4f5-431d-b91f-770f31af7d6a info: BlobSharedKeyAuthenticator:validate() [STRING TO SIGN]:"PUT\n\n\n\n\n\n\n\n\n\n\n\nx-ms-client-request-id:17f08ba0-7f4e-4f73-bd6f-205e9949cc61\nx-ms-date:Wed, 06 Aug 2025 22:30:31 GMT\nx-ms-lease-action:renew\nx-ms-lease-id:000000000000000000000000473094AD\nx-ms-return-client-request-id:true\nx-ms-version:2024-08-04\n/devstoreaccount1/devstoreaccount1/azure-webjobs-hosts/locks/lukepc-1879092115/host\ncomp:lease"
2025-08-06T22:30:31.798Z db7285c5-c4f5-431d-b91f-770f31af7d6a info: BlobSharedKeyAuthenticator:validate() Calculated authentication header based on key1: SharedKey devstoreaccount1:1sHiwBFhNocmAEXRdL57jdDZRYVPhxrwGHdwjl898fI=
2025-08-06T22:30:31.798Z db7285c5-c4f5-431d-b91f-770f31af7d6a info: BlobSharedKeyAuthenticator:validate() Signature 1 matched.
2025-08-06T22:30:31.798Z db7285c5-c4f5-431d-b91f-770f31af7d6a verbose: DeserializerMiddleware: Start deserializing...
2025-08-06T22:30:31.798Z db7285c5-c4f5-431d-b91f-770f31af7d6a info: HandlerMiddleware: DeserializedParameters={"options":{"requestId":"17f08ba0-7f4e-4f73-bd6f-205e9949cc61","modifiedAccessConditions":{}},"comp":"lease","leaseId":"000000000000000000000000473094AD","version":"2024-08-04","action":"renew"}
2025-08-06T22:30:31.798Z db7285c5-c4f5-431d-b91f-770f31af7d6a verbose: SerializerMiddleware: Start serializing...
2025-08-06T22:30:31.799Z db7285c5-c4f5-431d-b91f-770f31af7d6a verbose: Send Blob telemetry: B_Blob_RenewLease
2025-08-06T22:30:31.799Z db7285c5-c4f5-431d-b91f-770f31af7d6a info: EndMiddleware: End response. TotalTimeInMS=4 StatusCode=200 StatusMessage=undefined Headers={"server":"Azurite-Blob/3.34.0","etag":"\"0x25D32A46AA9BFC0\"","last-modified":"Wed, 06 Aug 2025 22:29:55 GMT","x-ms-lease-id":"000000000000000000000000473094AD","x-ms-client-request-id":"17f08ba0-7f4e-4f73-bd6f-205e9949cc61","x-ms-request-id":"db7285c5-c4f5-431d-b91f-770f31af7d6a","x-ms-version":"2025-05-05","date":"Wed, 06 Aug 2025 22:30:31 GMT"}
2025-08-06T22:30:43.795Z 56d88713-71f0-41f3-b43f-49b6bffd8845 info: BlobStorageContextMiddleware: RequestMethod=PUT RequestURL=http://127.0.0.1/devstoreaccount1/azure-webjobs-hosts/locks/lukepc-1879092115/host?comp=lease RequestHeaders:{"host":"127.0.0.1:10000","x-ms-lease-action":"renew","x-ms-lease-id":"000000000000000000000000473094AD","x-ms-version":"2024-08-04","accept":"application/xml","x-ms-client-request-id":"7179aa6d-6497-41b2-b708-52511d230a7e","x-ms-return-client-request-id":"true","user-agent":"azsdk-net-Storage.Blobs/12.21.2 (.NET 8.0.16; Microsoft Windows 10.0.26100)","x-ms-date":"Wed, 06 Aug 2025 22:30:43 GMT","authorization":"SharedKey devstoreaccount1:36IHX5L4r4qRzOR1SwjU2gYV6PkDGa75HUMPzkYu0kQ=","content-length":"0"} ClientIP=127.0.0.1 Protocol=http HTTPVersion=1.1
2025-08-06T22:30:43.795Z 56d88713-71f0-41f3-b43f-49b6bffd8845 info: BlobStorageContextMiddleware: Account=devstoreaccount1 Container=azure-webjobs-hosts Blob=locks/lukepc-1879092115/host
2025-08-06T22:30:43.795Z 56d88713-71f0-41f3-b43f-49b6bffd8845 verbose: DispatchMiddleware: Dispatching request...
2025-08-06T22:30:43.795Z 56d88713-71f0-41f3-b43f-49b6bffd8845 info: DispatchMiddleware: Operation=Blob_RenewLease
2025-08-06T22:30:43.796Z 56d88713-71f0-41f3-b43f-49b6bffd8845 verbose: AuthenticationMiddlewareFactory:createAuthenticationMiddleware() Validating authentications.
2025-08-06T22:30:43.796Z 56d88713-71f0-41f3-b43f-49b6bffd8845 info: PublicAccessAuthenticator:validate() Start validation against public access.
2025-08-06T22:30:43.796Z 56d88713-71f0-41f3-b43f-49b6bffd8845 debug: PublicAccessAuthenticator:validate() Getting account properties...
2025-08-06T22:30:43.796Z 56d88713-71f0-41f3-b43f-49b6bffd8845 debug: PublicAccessAuthenticator:validate() Retrieved account name from context: devstoreaccount1, container: azure-webjobs-hosts, blob: locks/lukepc-1879092115/host
2025-08-06T22:30:43.796Z 56d88713-71f0-41f3-b43f-49b6bffd8845 debug: PublicAccessAuthenticator:validate() Skip public access authentication. Cannot get public access type for container azure-webjobs-hosts
2025-08-06T22:30:43.796Z 56d88713-71f0-41f3-b43f-49b6bffd8845 info: BlobSharedKeyAuthenticator:validate() Start validation against account shared key authentication.
2025-08-06T22:30:43.796Z 56d88713-71f0-41f3-b43f-49b6bffd8845 info: BlobSharedKeyAuthenticator:validate() [STRING TO SIGN]:"PUT\n\n\n\n\n\n\n\n\n\n\n\nx-ms-client-request-id:7179aa6d-6497-41b2-b708-52511d230a7e\nx-ms-date:Wed, 06 Aug 2025 22:30:43 GMT\nx-ms-lease-action:renew\nx-ms-lease-id:000000000000000000000000473094AD\nx-ms-return-client-request-id:true\nx-ms-version:2024-08-04\n/devstoreaccount1/devstoreaccount1/azure-webjobs-hosts/locks/lukepc-1879092115/host\ncomp:lease"
2025-08-06T22:30:43.796Z 56d88713-71f0-41f3-b43f-49b6bffd8845 info: BlobSharedKeyAuthenticator:validate() Calculated authentication header based on key1: SharedKey devstoreaccount1:36IHX5L4r4qRzOR1SwjU2gYV6PkDGa75HUMPzkYu0kQ=
2025-08-06T22:30:43.796Z 56d88713-71f0-41f3-b43f-49b6bffd8845 info: BlobSharedKeyAuthenticator:validate() Signature 1 matched.
2025-08-06T22:30:43.796Z 56d88713-71f0-41f3-b43f-49b6bffd8845 verbose: DeserializerMiddleware: Start deserializing...
2025-08-06T22:30:43.796Z 56d88713-71f0-41f3-b43f-49b6bffd8845 info: HandlerMiddleware: DeserializedParameters={"options":{"requestId":"7179aa6d-6497-41b2-b708-52511d230a7e","modifiedAccessConditions":{}},"comp":"lease","leaseId":"000000000000000000000000473094AD","version":"2024-08-04","action":"renew"}
2025-08-06T22:30:43.797Z 56d88713-71f0-41f3-b43f-49b6bffd8845 verbose: SerializerMiddleware: Start serializing...
2025-08-06T22:30:43.797Z 56d88713-71f0-41f3-b43f-49b6bffd8845 verbose: Send Blob telemetry: B_Blob_RenewLease
2025-08-06T22:30:43.797Z 56d88713-71f0-41f3-b43f-49b6bffd8845 info: EndMiddleware: End response. TotalTimeInMS=2 StatusCode=200 StatusMessage=undefined Headers={"server":"Azurite-Blob/3.34.0","etag":"\"0x25D32A46AA9BFC0\"","last-modified":"Wed, 06 Aug 2025 22:29:55 GMT","x-ms-lease-id":"000000000000000000000000473094AD","x-ms-client-request-id":"7179aa6d-6497-41b2-b708-52511d230a7e","x-ms-request-id":"56d88713-71f0-41f3-b43f-49b6bffd8845","x-ms-version":"2025-05-05","date":"Wed, 06 Aug 2025 22:30:43 GMT"}
2025-08-06T22:30:54.894Z 	 info: AccountDataStore:init() Refresh accounts from environment variable AZURITE_ACCOUNTS with value undefined
2025-08-06T22:30:54.894Z 	 info: AccountDataStore:init() Fallback to default emulator account devstoreaccount1.
2025-08-06T22:30:54.940Z 	 info: AccountDataStore:init() Refresh accounts from environment variable AZURITE_ACCOUNTS with value undefined
2025-08-06T22:30:54.940Z 	 info: AccountDataStore:init() Fallback to default emulator account devstoreaccount1.
2025-08-06T22:30:54.940Z 	 info: QueueGCManager:markSweepLoop() Start new mark and sweep.
2025-08-06T22:30:54.940Z 	 info: QueueGCManger:markSweep() Get all extents.
2025-08-06T22:30:54.940Z 	 info: QueueGCManager:marksweep() Get 0 extents.
2025-08-06T22:30:54.941Z 	 info: QueueGCManager:markSweep() Get referred extents, then remove from allExtents.
2025-08-06T22:30:54.941Z 	 info: QueueGCManager:markSweep() Got referred extents, unreferenced extents count is 0.
2025-08-06T22:30:54.941Z 	 info: QueueGCManager:markSweepLoop() Mark and sweep finished, take 1ms.
2025-08-06T22:30:54.941Z 	 info: QueueGCManager:markSweepLoop() Sleep for 60000
2025-08-06T22:30:54.941Z 	 info: AccountDataStore:init() Refresh accounts from environment variable AZURITE_ACCOUNTS with value undefined
2025-08-06T22:30:54.941Z 	 info: AccountDataStore:init() Fallback to default emulator account devstoreaccount1.
2025-08-06T22:30:55.781Z d67a2555-1e97-4f0b-975f-cb30a1397e06 info: BlobStorageContextMiddleware: RequestMethod=PUT RequestURL=http://127.0.0.1/devstoreaccount1/azure-webjobs-hosts/locks/lukepc-1879092115/host?comp=lease RequestHeaders:{"host":"127.0.0.1:10000","x-ms-lease-action":"renew","x-ms-lease-id":"000000000000000000000000473094AD","x-ms-version":"2024-08-04","accept":"application/xml","x-ms-client-request-id":"193dc113-ff18-4956-aeb5-d0841f91e927","x-ms-return-client-request-id":"true","user-agent":"azsdk-net-Storage.Blobs/12.21.2 (.NET 8.0.16; Microsoft Windows 10.0.26100)","x-ms-date":"Wed, 06 Aug 2025 22:30:55 GMT","authorization":"SharedKey devstoreaccount1:FsE/jQFcC7juoR1FDHJlx4T+SXYfvj1c2pMC0AA0HaE=","content-length":"0"} ClientIP=127.0.0.1 Protocol=http HTTPVersion=1.1
2025-08-06T22:30:55.782Z d67a2555-1e97-4f0b-975f-cb30a1397e06 info: BlobStorageContextMiddleware: Account=devstoreaccount1 Container=azure-webjobs-hosts Blob=locks/lukepc-1879092115/host
2025-08-06T22:30:55.782Z d67a2555-1e97-4f0b-975f-cb30a1397e06 verbose: DispatchMiddleware: Dispatching request...
2025-08-06T22:30:55.782Z d67a2555-1e97-4f0b-975f-cb30a1397e06 info: DispatchMiddleware: Operation=Blob_RenewLease
2025-08-06T22:30:55.782Z d67a2555-1e97-4f0b-975f-cb30a1397e06 verbose: AuthenticationMiddlewareFactory:createAuthenticationMiddleware() Validating authentications.
2025-08-06T22:30:55.782Z d67a2555-1e97-4f0b-975f-cb30a1397e06 info: PublicAccessAuthenticator:validate() Start validation against public access.
2025-08-06T22:30:55.782Z d67a2555-1e97-4f0b-975f-cb30a1397e06 debug: PublicAccessAuthenticator:validate() Getting account properties...
2025-08-06T22:30:55.782Z d67a2555-1e97-4f0b-975f-cb30a1397e06 debug: PublicAccessAuthenticator:validate() Retrieved account name from context: devstoreaccount1, container: azure-webjobs-hosts, blob: locks/lukepc-1879092115/host
2025-08-06T22:30:55.782Z d67a2555-1e97-4f0b-975f-cb30a1397e06 debug: PublicAccessAuthenticator:validate() Skip public access authentication. Cannot get public access type for container azure-webjobs-hosts
2025-08-06T22:30:55.782Z d67a2555-1e97-4f0b-975f-cb30a1397e06 info: BlobSharedKeyAuthenticator:validate() Start validation against account shared key authentication.
2025-08-06T22:30:55.782Z d67a2555-1e97-4f0b-975f-cb30a1397e06 info: BlobSharedKeyAuthenticator:validate() [STRING TO SIGN]:"PUT\n\n\n\n\n\n\n\n\n\n\n\nx-ms-client-request-id:193dc113-ff18-4956-aeb5-d0841f91e927\nx-ms-date:Wed, 06 Aug 2025 22:30:55 GMT\nx-ms-lease-action:renew\nx-ms-lease-id:000000000000000000000000473094AD\nx-ms-return-client-request-id:true\nx-ms-version:2024-08-04\n/devstoreaccount1/devstoreaccount1/azure-webjobs-hosts/locks/lukepc-1879092115/host\ncomp:lease"
2025-08-06T22:30:55.782Z d67a2555-1e97-4f0b-975f-cb30a1397e06 info: BlobSharedKeyAuthenticator:validate() Calculated authentication header based on key1: SharedKey devstoreaccount1:FsE/jQFcC7juoR1FDHJlx4T+SXYfvj1c2pMC0AA0HaE=
2025-08-06T22:30:55.782Z d67a2555-1e97-4f0b-975f-cb30a1397e06 info: BlobSharedKeyAuthenticator:validate() Signature 1 matched.
2025-08-06T22:30:55.782Z d67a2555-1e97-4f0b-975f-cb30a1397e06 verbose: DeserializerMiddleware: Start deserializing...
2025-08-06T22:30:55.783Z d67a2555-1e97-4f0b-975f-cb30a1397e06 info: HandlerMiddleware: DeserializedParameters={"options":{"requestId":"193dc113-ff18-4956-aeb5-d0841f91e927","modifiedAccessConditions":{}},"comp":"lease","leaseId":"000000000000000000000000473094AD","version":"2024-08-04","action":"renew"}
2025-08-06T22:30:55.783Z d67a2555-1e97-4f0b-975f-cb30a1397e06 verbose: SerializerMiddleware: Start serializing...
2025-08-06T22:30:55.783Z d67a2555-1e97-4f0b-975f-cb30a1397e06 verbose: Send Blob telemetry: B_Blob_RenewLease
2025-08-06T22:30:55.783Z d67a2555-1e97-4f0b-975f-cb30a1397e06 info: EndMiddleware: End response. TotalTimeInMS=2 StatusCode=200 StatusMessage=undefined Headers={"server":"Azurite-Blob/3.34.0","etag":"\"0x25D32A46AA9BFC0\"","last-modified":"Wed, 06 Aug 2025 22:29:55 GMT","x-ms-lease-id":"000000000000000000000000473094AD","x-ms-client-request-id":"193dc113-ff18-4956-aeb5-d0841f91e927","x-ms-request-id":"d67a2555-1e97-4f0b-975f-cb30a1397e06","x-ms-version":"2025-05-05","date":"Wed, 06 Aug 2025 22:30:55 GMT"}
